<?xml version="1.0" encoding="UTF-8"?>
<!-- Generated by org.testng.reporters.JUnitXMLReporter -->
<testsuite hostname="DESKTOP-ULUOQPA" ignored="0" name="Test1" tests="6" failures="0" timestamp="2021-11-07T14:42:11 PST" time="228.757" errors="0">
  <testcase name="loginTest" time="31.723" classname="com.nopcommerce.testCases.TC_LoginTest_001"/>
  <testcase name="loginTest" time="28.962" classname="com.nopcommerce.testCases.TC_LoginDDT_002"/>
  <testcase name="loginTest" time="6.667" classname="com.nopcommerce.testCases.TC_LoginDDT_002"/>
  <testcase name="loginTest" time="5.946" classname="com.nopcommerce.testCases.TC_LoginDDT_002"/>
  <testcase name="loginTest" time="9.321" classname="com.nopcommerce.testCases.TC_LoginDDT_002"/>
  <testcase name="addNewCustomer" time="66.348" classname="com.nopcommerce.testCases.TC_AddCustomerTest_003"/>
</testsuite> <!-- Test1 -->
