<?xml version="1.0" encoding="UTF-8"?>
<!-- Generated by org.testng.reporters.JUnitXMLReporter -->
<testsuite hostname="DESKTOP-ULUOQPA" ignored="0" name="Test1" tests="5" failures="0" timestamp="05 Nov 2021 03:33:53 GMT" time="104.185" errors="0">
  <testcase name="loginTest" time="19.299" classname="com.nopcommerce.testCases.TC_LoginTest_001"/>
  <testcase name="loginTest" time="23.827" classname="com.nopcommerce.testCases.TC_LoginDDT_002"/>
  <testcase name="loginTest" time="6.101" classname="com.nopcommerce.testCases.TC_LoginDDT_002"/>
  <testcase name="loginTest" time="4.358" classname="com.nopcommerce.testCases.TC_LoginDDT_002"/>
  <testcase name="loginTest" time="6.822" classname="com.nopcommerce.testCases.TC_LoginDDT_002"/>
</testsuite> <!-- Test1 -->
