<?xml version="1.0" encoding="UTF-8"?>
<testng-results skipped="0" failed="0" ignored="0" total="7" passed="7">
  <reporter-output>
  </reporter-output>
  <suite name="nopCommerce" duration-ms="283412" started-at="2021-11-07T14:38:22 PST" finished-at="2021-11-07T14:43:06 PST">
    <groups>
    </groups>
    <test name="Test1" duration-ms="228757" started-at="2021-11-07T14:38:22 PST" finished-at="2021-11-07T14:42:11 PST">
      <class name="com.nopcommerce.testCases.TC_LoginTest_001">
        <test-method status="PASS" signature="setup()[pri:0, instance:com.nopcommerce.testCases.TC_LoginTest_001@1a3869f4]" name="setup" is-config="true" duration-ms="26190" started-at="2021-11-07T14:38:28 PST" finished-at="2021-11-07T14:38:54 PST">
          <reporter-output>
          </reporter-output>
        </test-method> <!-- setup -->
        <test-method status="PASS" signature="loginTest()[pri:0, instance:com.nopcommerce.testCases.TC_LoginTest_001@1a3869f4]" name="loginTest" duration-ms="31723" started-at="2021-11-07T14:38:54 PST" finished-at="2021-11-07T14:39:26 PST">
          <reporter-output>
          </reporter-output>
        </test-method> <!-- loginTest -->
        <test-method status="PASS" signature="tearDown()[pri:0, instance:com.nopcommerce.testCases.TC_LoginTest_001@1a3869f4]" name="tearDown" is-config="true" duration-ms="1" started-at="2021-11-07T14:39:26 PST" finished-at="2021-11-07T14:39:26 PST">
          <reporter-output>
          </reporter-output>
        </test-method> <!-- tearDown -->
      </class> <!-- com.nopcommerce.testCases.TC_LoginTest_001 -->
      <class name="com.nopcommerce.testCases.TC_LoginDDT_002">
        <test-method status="PASS" signature="setup()[pri:0, instance:com.nopcommerce.testCases.TC_LoginDDT_002@ed9d034]" name="setup" is-config="true" duration-ms="8913" started-at="2021-11-07T14:39:26 PST" finished-at="2021-11-07T14:39:35 PST">
          <reporter-output>
          </reporter-output>
        </test-method> <!-- setup -->
        <test-method status="PASS" signature="loginTest(java.lang.String,java.lang.String)[pri:0, instance:com.nopcommerce.testCases.TC_LoginDDT_002@ed9d034]" name="loginTest" duration-ms="28962" started-at="2021-11-07T14:39:58 PST" data-provider="LoginData" finished-at="2021-11-07T14:40:27 PST">
          <params>
            <param index="0">
              <value>
                <![CDATA[admin@yourstore.com ]]>
              </value>
            </param>
            <param index="1">
              <value>
                <![CDATA[admin]]>
              </value>
            </param>
          </params>
          <reporter-output>
          </reporter-output>
        </test-method> <!-- loginTest -->
        <test-method status="PASS" signature="loginTest(java.lang.String,java.lang.String)[pri:0, instance:com.nopcommerce.testCases.TC_LoginDDT_002@ed9d034]" name="loginTest" duration-ms="6667" started-at="2021-11-07T14:40:27 PST" data-provider="LoginData" finished-at="2021-11-07T14:40:34 PST">
          <params>
            <param index="0">
              <value>
                <![CDATA[admin@yourstore.com ]]>
              </value>
            </param>
            <param index="1">
              <value>
                <![CDATA[adm]]>
              </value>
            </param>
          </params>
          <reporter-output>
          </reporter-output>
        </test-method> <!-- loginTest -->
        <test-method status="PASS" signature="loginTest(java.lang.String,java.lang.String)[pri:0, instance:com.nopcommerce.testCases.TC_LoginDDT_002@ed9d034]" name="loginTest" duration-ms="5946" started-at="2021-11-07T14:40:34 PST" data-provider="LoginData" finished-at="2021-11-07T14:40:40 PST">
          <params>
            <param index="0">
              <value>
                <![CDATA[adm@yourstore.com]]>
              </value>
            </param>
            <param index="1">
              <value>
                <![CDATA[admin]]>
              </value>
            </param>
          </params>
          <reporter-output>
          </reporter-output>
        </test-method> <!-- loginTest -->
        <test-method status="PASS" signature="loginTest(java.lang.String,java.lang.String)[pri:0, instance:com.nopcommerce.testCases.TC_LoginDDT_002@ed9d034]" name="loginTest" duration-ms="9321" started-at="2021-11-07T14:40:40 PST" data-provider="LoginData" finished-at="2021-11-07T14:40:49 PST">
          <params>
            <param index="0">
              <value>
                <![CDATA[adm@yourstore.com]]>
              </value>
            </param>
            <param index="1">
              <value>
                <![CDATA[adm]]>
              </value>
            </param>
          </params>
          <reporter-output>
          </reporter-output>
        </test-method> <!-- loginTest -->
        <test-method status="PASS" signature="tearDown()[pri:0, instance:com.nopcommerce.testCases.TC_LoginDDT_002@ed9d034]" name="tearDown" is-config="true" duration-ms="1" started-at="2021-11-07T14:40:49 PST" finished-at="2021-11-07T14:40:49 PST">
          <reporter-output>
          </reporter-output>
        </test-method> <!-- tearDown -->
      </class> <!-- com.nopcommerce.testCases.TC_LoginDDT_002 -->
      <class name="com.nopcommerce.testCases.TC_AddCustomerTest_003">
        <test-method status="PASS" signature="setup()[pri:0, instance:com.nopcommerce.testCases.TC_AddCustomerTest_003@6121c9d6]" name="setup" is-config="true" duration-ms="15293" started-at="2021-11-07T14:40:49 PST" finished-at="2021-11-07T14:41:05 PST">
          <reporter-output>
          </reporter-output>
        </test-method> <!-- setup -->
        <test-method status="PASS" signature="addNewCustomer()[pri:0, instance:com.nopcommerce.testCases.TC_AddCustomerTest_003@6121c9d6]" name="addNewCustomer" duration-ms="66348" started-at="2021-11-07T14:41:05 PST" finished-at="2021-11-07T14:42:11 PST">
          <reporter-output>
          </reporter-output>
        </test-method> <!-- addNewCustomer -->
        <test-method status="PASS" signature="tearDown()[pri:0, instance:com.nopcommerce.testCases.TC_AddCustomerTest_003@6121c9d6]" name="tearDown" is-config="true" duration-ms="0" started-at="2021-11-07T14:42:11 PST" finished-at="2021-11-07T14:42:11 PST">
          <reporter-output>
          </reporter-output>
        </test-method> <!-- tearDown -->
      </class> <!-- com.nopcommerce.testCases.TC_AddCustomerTest_003 -->
    </test> <!-- Test1 -->
    <test name="Test2" duration-ms="51853" started-at="2021-11-07T14:42:14 PST" finished-at="2021-11-07T14:43:06 PST">
      <class name="com.nopcommerce.testCases.TC_LoginTest_001">
        <test-method status="PASS" signature="setup()[pri:0, instance:com.nopcommerce.testCases.TC_LoginTest_001@13eb8acf]" name="setup" is-config="true" duration-ms="17491" started-at="2021-11-07T14:42:14 PST" finished-at="2021-11-07T14:42:31 PST">
          <reporter-output>
          </reporter-output>
        </test-method> <!-- setup -->
        <test-method status="PASS" signature="loginTest()[pri:0, instance:com.nopcommerce.testCases.TC_LoginTest_001@13eb8acf]" name="loginTest" duration-ms="34331" started-at="2021-11-07T14:42:31 PST" finished-at="2021-11-07T14:43:06 PST">
          <reporter-output>
          </reporter-output>
        </test-method> <!-- loginTest -->
        <test-method status="PASS" signature="tearDown()[pri:0, instance:com.nopcommerce.testCases.TC_LoginTest_001@13eb8acf]" name="tearDown" is-config="true" duration-ms="1" started-at="2021-11-07T14:43:06 PST" finished-at="2021-11-07T14:43:06 PST">
          <reporter-output>
          </reporter-output>
        </test-method> <!-- tearDown -->
      </class> <!-- com.nopcommerce.testCases.TC_LoginTest_001 -->
    </test> <!-- Test2 -->
  </suite> <!-- nopCommerce -->
</testng-results>
